<?xml version="1.0" encoding="UTF-8"?>
<!-- Generated by org.testng.reporters.JUnitXMLReporter -->
<testsuite ignored="0" hostname="LAPTOP-41UCB964" failures="1" tests="1" name="Default test" time="7.633" errors="0" timestamp="2021-12-03T13:01:26 IST">
  <testcase classname="io.cucumber.testng.AbstractTestNGCucumberTests" name="runScenario" time="5.39">
    <failure type="java.lang.AssertionError" message="expected [login] but found [Google]">
      <![CDATA[java.lang.AssertionError: expected [login] but found [Google]
at org.testng.Assert.fail(Assert.java:99)
at org.testng.Assert.failNotEquals(Assert.java:1037)
at org.testng.Assert.assertEqualsImpl(Assert.java:140)
at org.testng.Assert.assertEquals(Assert.java:122)
at org.testng.Assert.assertEquals(Assert.java:629)
at org.testng.Assert.assertEquals(Assert.java:639)
at com.page.loginpage.asset(loginpage.java:22)
at parallel.loginstepdef.asset3(loginstepdef.java:86)
at ✽.some other  precondition2(file:///C:/Users/kumar/Practiceworkspace/PracticeCucumber/src/test/resources/parallel/login.feature:37)
]]>
    </failure>
  </testcase> <!-- runScenario -->
</testsuite> <!-- Default test -->
