<?xml version="1.0" encoding="UTF-8"?>
<!-- Generated by org.testng.reporters.JUnitReportReporter -->
<testsuite hostname="LAPTOP-41UCB964" failures="1" tests="1" name="parallel.runner2" time="5.390" errors="0" timestamp="2021-12-03T13:01:26 IST" skipped="0">
  <testcase classname="parallel.runner2" name="runScenario" time="5.390">
    <failure message="expected [login] but found [Google]" type="java.lang.AssertionError">
      <![CDATA[java.lang.AssertionError: expected [login] but found [Google]
at org.testng.Assert.fail(Assert.java:99)
at org.testng.Assert.failNotEquals(Assert.java:1037)
at org.testng.Assert.assertEqualsImpl(Assert.java:140)
at org.testng.Assert.assertEquals(Assert.java:122)
at org.testng.Assert.assertEquals(Assert.java:629)
at org.testng.Assert.assertEquals(Assert.java:639)
at com.page.loginpage.asset(loginpage.java:22)
at parallel.loginstepdef.asset3(loginstepdef.java:86)
at ✽.some other  precondition2(file:///C:/Users/kumar/Practiceworkspace/PracticeCucumber/src/test/resources/parallel/login.feature:37)
]]>
    </failure>
  </testcase> <!-- runScenario -->
  <system-out/>
</testsuite> <!-- parallel.runner2 -->
